<?xml version="1.0" encoding="UTF-8"?>
<!-- Generated by org.testng.reporters.JUnitXMLReporter -->
<testsuite hostname="DESKTOP-DB5QFJE" ignored="0" name="Default test" tests="5" failures="0" timestamp="03 Apr 2023 20:03:05 GMT" time="27.537" errors="0">
  <testcase name="Loginuser" time="5.725" classname="PritiTest.Login2Test"/>
  <testcase name="Loginuser" time="1.915" classname="PritiTest.Login2Test"/>
  <testcase name="Loginuser" time="1.922" classname="PritiTest.Login2Test"/>
  <testcase name="Loginuser" time="1.84" classname="PritiTest.Login2Test"/>
  <testcase name="Loginuser" time="2.002" classname="PritiTest.Login2Test"/>
</testsuite> <!-- Default test -->
